C:\USERS\VARTOTOJAS\DESKTOP\2 COURSE\OOP\LABA 3\CONSOLEAPPLICATION1\CONSOLEAPPLICATION1\DEBUG\CONSOLEAPPLICATION1.PCH
C:\USERS\VARTOTOJAS\DESKTOP\2 COURSE\OOP\LABA 3\CONSOLEAPPLICATION1\CONSOLEAPPLICATION1\DEBUG\STDAFX.OBJ
C:\USERS\VARTOTOJAS\DESKTOP\2 COURSE\OOP\LABA 3\CONSOLEAPPLICATION1\CONSOLEAPPLICATION1\DEBUG\VC110.PDB
C:\USERS\VARTOTOJAS\DESKTOP\2 COURSE\OOP\LABA 3\CONSOLEAPPLICATION1\CONSOLEAPPLICATION1\DEBUG\AUTHOR.OBJ
C:\USERS\VARTOTOJAS\DESKTOP\2 COURSE\OOP\LABA 3\CONSOLEAPPLICATION1\CONSOLEAPPLICATION1\DEBUG\BOOK.OBJ
C:\USERS\VARTOTOJAS\DESKTOP\2 COURSE\OOP\LABA 3\CONSOLEAPPLICATION1\CONSOLEAPPLICATION1\DEBUG\CONSOLEAPPLICATION1.OBJ
C:\USERS\VARTOTOJAS\DESKTOP\2 COURSE\OOP\LABA 3\CONSOLEAPPLICATION1\CONSOLEAPPLICATION1\DEBUG\EDITION.OBJ
C:\USERS\VARTOTOJAS\DESKTOP\2 COURSE\OOP\LABA 3\CONSOLEAPPLICATION1\CONSOLEAPPLICATION1\DEBUG\PERSON.OBJ
C:\USERS\VARTOTOJAS\DESKTOP\2 COURSE\OOP\LABA 3\CONSOLEAPPLICATION1\CONSOLEAPPLICATION1\DEBUG\PUBLHOUSE.OBJ
C:\USERS\VARTOTOJAS\DESKTOP\2 COURSE\OOP\LABA 3\CONSOLEAPPLICATION1\CONSOLEAPPLICATION1\DEBUG\JOURNAL.OBJ
D:\LABA 3\CONSOLEAPPLICATION1\CONSOLEAPPLICATION1\DEBUG\CONSOLEAPPLICATION1.PCH
D:\LABA 3\CONSOLEAPPLICATION1\CONSOLEAPPLICATION1\DEBUG\STDAFX.OBJ
D:\LABA 3\CONSOLEAPPLICATION1\CONSOLEAPPLICATION1\DEBUG\VC110.PDB
D:\LABA 3\CONSOLEAPPLICATION1\CONSOLEAPPLICATION1\DEBUG\AUTHOR.OBJ
D:\LABA 3\CONSOLEAPPLICATION1\CONSOLEAPPLICATION1\DEBUG\BOOK.OBJ
D:\LABA 3\CONSOLEAPPLICATION1\CONSOLEAPPLICATION1\DEBUG\CONSOLEAPPLICATION1.OBJ
D:\LABA 3\CONSOLEAPPLICATION1\CONSOLEAPPLICATION1\DEBUG\EDITION.OBJ
D:\LABA 3\CONSOLEAPPLICATION1\CONSOLEAPPLICATION1\DEBUG\JOURNAL.OBJ
D:\LABA 3\CONSOLEAPPLICATION1\CONSOLEAPPLICATION1\DEBUG\PERSON.OBJ
D:\LABA 3\CONSOLEAPPLICATION1\CONSOLEAPPLICATION1\DEBUG\PUBLHOUSE.OBJ
C:\USERS\VARTOTOJAS\DESKTOP\2 COURSE\OOP\LABA 4\CONSOLEAPPLICATION1\CONSOLEAPPLICATION1\DEBUG\CONSOLEAPPLICATION1.PCH
C:\USERS\VARTOTOJAS\DESKTOP\2 COURSE\OOP\LABA 4\CONSOLEAPPLICATION1\CONSOLEAPPLICATION1\DEBUG\STDAFX.OBJ
C:\USERS\VARTOTOJAS\DESKTOP\2 COURSE\OOP\LABA 4\CONSOLEAPPLICATION1\CONSOLEAPPLICATION1\DEBUG\VC110.PDB
C:\USERS\VARTOTOJAS\DESKTOP\2 COURSE\OOP\LABA 4\CONSOLEAPPLICATION1\CONSOLEAPPLICATION1\DEBUG\AUTHOR.OBJ
C:\USERS\VARTOTOJAS\DESKTOP\2 COURSE\OOP\LABA 4\CONSOLEAPPLICATION1\CONSOLEAPPLICATION1\DEBUG\BOOK.OBJ
C:\USERS\VARTOTOJAS\DESKTOP\2 COURSE\OOP\LABA 4\CONSOLEAPPLICATION1\CONSOLEAPPLICATION1\DEBUG\CONSOLEAPPLICATION1.OBJ
C:\USERS\VARTOTOJAS\DESKTOP\2 COURSE\OOP\LABA 4\CONSOLEAPPLICATION1\CONSOLEAPPLICATION1\DEBUG\EDITION.OBJ
C:\USERS\VARTOTOJAS\DESKTOP\2 COURSE\OOP\LABA 4\CONSOLEAPPLICATION1\CONSOLEAPPLICATION1\DEBUG\JOURNAL.OBJ
C:\USERS\VARTOTOJAS\DESKTOP\2 COURSE\OOP\LABA 4\CONSOLEAPPLICATION1\CONSOLEAPPLICATION1\DEBUG\PERSON.OBJ
C:\USERS\VARTOTOJAS\DESKTOP\2 COURSE\OOP\LABA 4\CONSOLEAPPLICATION1\CONSOLEAPPLICATION1\DEBUG\PUBLHOUSE.OBJ
C:\USERS\VARTOTOJAS\DESKTOP\2 COURSE\OOP\LABA 3\CONSOLEAPPLICATION1\DEBUG\CONSOLEAPPLICATION1.ILK
C:\USERS\VARTOTOJAS\DESKTOP\2 COURSE\OOP\LABA 3\CONSOLEAPPLICATION1\DEBUG\CONSOLEAPPLICATION1.EXE
C:\USERS\VARTOTOJAS\DESKTOP\2 COURSE\OOP\LABA 3\CONSOLEAPPLICATION1\DEBUG\CONSOLEAPPLICATION1.PDB
D:\LABA 3\CONSOLEAPPLICATION1\DEBUG\CONSOLEAPPLICATION1.ILK
D:\LABA 3\CONSOLEAPPLICATION1\DEBUG\CONSOLEAPPLICATION1.EXE
D:\LABA 3\CONSOLEAPPLICATION1\DEBUG\CONSOLEAPPLICATION1.PDB
C:\USERS\VARTOTOJAS\DESKTOP\2 COURSE\OOP\LABA 4\CONSOLEAPPLICATION1\DEBUG\CONSOLEAPPLICATION1.ILK
C:\USERS\VARTOTOJAS\DESKTOP\2 COURSE\OOP\LABA 4\CONSOLEAPPLICATION1\DEBUG\CONSOLEAPPLICATION1.EXE
C:\USERS\VARTOTOJAS\DESKTOP\2 COURSE\OOP\LABA 4\CONSOLEAPPLICATION1\DEBUG\CONSOLEAPPLICATION1.PDB
C:\Users\Vartotojas\Desktop\2 course\oop\laba 4\ConsoleApplication1\ConsoleApplication1\Debug\author.obj
C:\Users\Vartotojas\Desktop\2 course\oop\laba 4\ConsoleApplication1\ConsoleApplication1\Debug\book.obj
C:\Users\Vartotojas\Desktop\2 course\oop\laba 4\ConsoleApplication1\ConsoleApplication1\Debug\ConsoleApplication1.obj
C:\Users\Vartotojas\Desktop\2 course\oop\laba 4\ConsoleApplication1\ConsoleApplication1\Debug\edition.obj
C:\Users\Vartotojas\Desktop\2 course\oop\laba 4\ConsoleApplication1\ConsoleApplication1\Debug\journal.obj
C:\Users\Vartotojas\Desktop\2 course\oop\laba 4\ConsoleApplication1\ConsoleApplication1\Debug\person.obj
C:\Users\Vartotojas\Desktop\2 course\oop\laba 4\ConsoleApplication1\ConsoleApplication1\Debug\publhouse.obj
C:\Users\Vartotojas\Desktop\2 course\oop\laba 4\ConsoleApplication1\ConsoleApplication1\Debug\stdafx.obj
C:\Users\Vartotojas\Desktop\2 course\oop\laba 4\ConsoleApplication1\ConsoleApplication1\Debug\cl.command.1.tlog
C:\Users\Vartotojas\Desktop\2 course\oop\laba 4\ConsoleApplication1\ConsoleApplication1\Debug\CL.read.1.tlog
C:\Users\Vartotojas\Desktop\2 course\oop\laba 4\ConsoleApplication1\ConsoleApplication1\Debug\CL.write.1.tlog
C:\Users\Vartotojas\Desktop\2 course\oop\laba 4\ConsoleApplication1\ConsoleApplication1\Debug\link-cvtres.read.1.tlog
C:\Users\Vartotojas\Desktop\2 course\oop\laba 4\ConsoleApplication1\ConsoleApplication1\Debug\link-cvtres.write.1.tlog
C:\Users\Vartotojas\Desktop\2 course\oop\laba 4\ConsoleApplication1\ConsoleApplication1\Debug\link-rc.read.1.tlog
C:\Users\Vartotojas\Desktop\2 course\oop\laba 4\ConsoleApplication1\ConsoleApplication1\Debug\link-rc.write.1.tlog
C:\Users\Vartotojas\Desktop\2 course\oop\laba 4\ConsoleApplication1\ConsoleApplication1\Debug\link.1016-cvtres.read.1.tlog
C:\Users\Vartotojas\Desktop\2 course\oop\laba 4\ConsoleApplication1\ConsoleApplication1\Debug\link.1016-cvtres.write.1.tlog
C:\Users\Vartotojas\Desktop\2 course\oop\laba 4\ConsoleApplication1\ConsoleApplication1\Debug\link.1016-rc.read.1.tlog
C:\Users\Vartotojas\Desktop\2 course\oop\laba 4\ConsoleApplication1\ConsoleApplication1\Debug\link.1016-rc.write.1.tlog
C:\Users\Vartotojas\Desktop\2 course\oop\laba 4\ConsoleApplication1\ConsoleApplication1\Debug\link.1016.read.1.tlog
C:\Users\Vartotojas\Desktop\2 course\oop\laba 4\ConsoleApplication1\ConsoleApplication1\Debug\link.1016.write.1.tlog
C:\Users\Vartotojas\Desktop\2 course\oop\laba 4\ConsoleApplication1\ConsoleApplication1\Debug\link.11228-cvtres.read.1.tlog
C:\Users\Vartotojas\Desktop\2 course\oop\laba 4\ConsoleApplication1\ConsoleApplication1\Debug\link.11228-cvtres.write.1.tlog
C:\Users\Vartotojas\Desktop\2 course\oop\laba 4\ConsoleApplication1\ConsoleApplication1\Debug\link.11228-rc.read.1.tlog
C:\Users\Vartotojas\Desktop\2 course\oop\laba 4\ConsoleApplication1\ConsoleApplication1\Debug\link.11228-rc.write.1.tlog
C:\Users\Vartotojas\Desktop\2 course\oop\laba 4\ConsoleApplication1\ConsoleApplication1\Debug\link.11228.read.1.tlog
C:\Users\Vartotojas\Desktop\2 course\oop\laba 4\ConsoleApplication1\ConsoleApplication1\Debug\link.11228.write.1.tlog
C:\Users\Vartotojas\Desktop\2 course\oop\laba 4\ConsoleApplication1\ConsoleApplication1\Debug\link.2544-cvtres.read.1.tlog
C:\Users\Vartotojas\Desktop\2 course\oop\laba 4\ConsoleApplication1\ConsoleApplication1\Debug\link.2544-cvtres.write.1.tlog
C:\Users\Vartotojas\Desktop\2 course\oop\laba 4\ConsoleApplication1\ConsoleApplication1\Debug\link.2544-rc.read.1.tlog
C:\Users\Vartotojas\Desktop\2 course\oop\laba 4\ConsoleApplication1\ConsoleApplication1\Debug\link.2544-rc.write.1.tlog
C:\Users\Vartotojas\Desktop\2 course\oop\laba 4\ConsoleApplication1\ConsoleApplication1\Debug\link.2544.read.1.tlog
C:\Users\Vartotojas\Desktop\2 course\oop\laba 4\ConsoleApplication1\ConsoleApplication1\Debug\link.2544.write.1.tlog
C:\Users\Vartotojas\Desktop\2 course\oop\laba 4\ConsoleApplication1\ConsoleApplication1\Debug\link.2596-cvtres.read.1.tlog
C:\Users\Vartotojas\Desktop\2 course\oop\laba 4\ConsoleApplication1\ConsoleApplication1\Debug\link.2596-cvtres.write.1.tlog
C:\Users\Vartotojas\Desktop\2 course\oop\laba 4\ConsoleApplication1\ConsoleApplication1\Debug\link.2596-rc.read.1.tlog
C:\Users\Vartotojas\Desktop\2 course\oop\laba 4\ConsoleApplication1\ConsoleApplication1\Debug\link.2596-rc.write.1.tlog
C:\Users\Vartotojas\Desktop\2 course\oop\laba 4\ConsoleApplication1\ConsoleApplication1\Debug\link.2596.read.1.tlog
C:\Users\Vartotojas\Desktop\2 course\oop\laba 4\ConsoleApplication1\ConsoleApplication1\Debug\link.2596.write.1.tlog
C:\Users\Vartotojas\Desktop\2 course\oop\laba 4\ConsoleApplication1\ConsoleApplication1\Debug\link.5376-cvtres.read.1.tlog
C:\Users\Vartotojas\Desktop\2 course\oop\laba 4\ConsoleApplication1\ConsoleApplication1\Debug\link.5376-cvtres.write.1.tlog
C:\Users\Vartotojas\Desktop\2 course\oop\laba 4\ConsoleApplication1\ConsoleApplication1\Debug\link.5376-rc.read.1.tlog
C:\Users\Vartotojas\Desktop\2 course\oop\laba 4\ConsoleApplication1\ConsoleApplication1\Debug\link.5376-rc.write.1.tlog
C:\Users\Vartotojas\Desktop\2 course\oop\laba 4\ConsoleApplication1\ConsoleApplication1\Debug\link.5376.read.1.tlog
C:\Users\Vartotojas\Desktop\2 course\oop\laba 4\ConsoleApplication1\ConsoleApplication1\Debug\link.5376.write.1.tlog
C:\Users\Vartotojas\Desktop\2 course\oop\laba 4\ConsoleApplication1\ConsoleApplication1\Debug\link.5660-cvtres.read.1.tlog
C:\Users\Vartotojas\Desktop\2 course\oop\laba 4\ConsoleApplication1\ConsoleApplication1\Debug\link.5660-cvtres.write.1.tlog
C:\Users\Vartotojas\Desktop\2 course\oop\laba 4\ConsoleApplication1\ConsoleApplication1\Debug\link.5660-rc.read.1.tlog
C:\Users\Vartotojas\Desktop\2 course\oop\laba 4\ConsoleApplication1\ConsoleApplication1\Debug\link.5660-rc.write.1.tlog
C:\Users\Vartotojas\Desktop\2 course\oop\laba 4\ConsoleApplication1\ConsoleApplication1\Debug\link.5660.read.1.tlog
C:\Users\Vartotojas\Desktop\2 course\oop\laba 4\ConsoleApplication1\ConsoleApplication1\Debug\link.5660.write.1.tlog
C:\Users\Vartotojas\Desktop\2 course\oop\laba 4\ConsoleApplication1\ConsoleApplication1\Debug\link.6032-cvtres.read.1.tlog
C:\Users\Vartotojas\Desktop\2 course\oop\laba 4\ConsoleApplication1\ConsoleApplication1\Debug\link.6032-cvtres.write.1.tlog
C:\Users\Vartotojas\Desktop\2 course\oop\laba 4\ConsoleApplication1\ConsoleApplication1\Debug\link.6032-rc.read.1.tlog
C:\Users\Vartotojas\Desktop\2 course\oop\laba 4\ConsoleApplication1\ConsoleApplication1\Debug\link.6032-rc.write.1.tlog
C:\Users\Vartotojas\Desktop\2 course\oop\laba 4\ConsoleApplication1\ConsoleApplication1\Debug\link.6032.read.1.tlog
C:\Users\Vartotojas\Desktop\2 course\oop\laba 4\ConsoleApplication1\ConsoleApplication1\Debug\link.6032.write.1.tlog
C:\Users\Vartotojas\Desktop\2 course\oop\laba 4\ConsoleApplication1\ConsoleApplication1\Debug\link.7720-cvtres.read.1.tlog
C:\Users\Vartotojas\Desktop\2 course\oop\laba 4\ConsoleApplication1\ConsoleApplication1\Debug\link.7720-cvtres.write.1.tlog
C:\Users\Vartotojas\Desktop\2 course\oop\laba 4\ConsoleApplication1\ConsoleApplication1\Debug\link.7720-rc.read.1.tlog
C:\Users\Vartotojas\Desktop\2 course\oop\laba 4\ConsoleApplication1\ConsoleApplication1\Debug\link.7720-rc.write.1.tlog
C:\Users\Vartotojas\Desktop\2 course\oop\laba 4\ConsoleApplication1\ConsoleApplication1\Debug\link.7720.read.1.tlog
C:\Users\Vartotojas\Desktop\2 course\oop\laba 4\ConsoleApplication1\ConsoleApplication1\Debug\link.7720.write.1.tlog
C:\Users\Vartotojas\Desktop\2 course\oop\laba 4\ConsoleApplication1\ConsoleApplication1\Debug\link.8548-cvtres.read.1.tlog
C:\Users\Vartotojas\Desktop\2 course\oop\laba 4\ConsoleApplication1\ConsoleApplication1\Debug\link.8548-cvtres.write.1.tlog
C:\Users\Vartotojas\Desktop\2 course\oop\laba 4\ConsoleApplication1\ConsoleApplication1\Debug\link.8548-rc.read.1.tlog
C:\Users\Vartotojas\Desktop\2 course\oop\laba 4\ConsoleApplication1\ConsoleApplication1\Debug\link.8548-rc.write.1.tlog
C:\Users\Vartotojas\Desktop\2 course\oop\laba 4\ConsoleApplication1\ConsoleApplication1\Debug\link.8548.read.1.tlog
C:\Users\Vartotojas\Desktop\2 course\oop\laba 4\ConsoleApplication1\ConsoleApplication1\Debug\link.8548.write.1.tlog
C:\Users\Vartotojas\Desktop\2 course\oop\laba 4\ConsoleApplication1\ConsoleApplication1\Debug\link.9300-cvtres.read.1.tlog
C:\Users\Vartotojas\Desktop\2 course\oop\laba 4\ConsoleApplication1\ConsoleApplication1\Debug\link.9300-cvtres.write.1.tlog
C:\Users\Vartotojas\Desktop\2 course\oop\laba 4\ConsoleApplication1\ConsoleApplication1\Debug\link.9300-rc.read.1.tlog
C:\Users\Vartotojas\Desktop\2 course\oop\laba 4\ConsoleApplication1\ConsoleApplication1\Debug\link.9300-rc.write.1.tlog
C:\Users\Vartotojas\Desktop\2 course\oop\laba 4\ConsoleApplication1\ConsoleApplication1\Debug\link.9300.read.1.tlog
C:\Users\Vartotojas\Desktop\2 course\oop\laba 4\ConsoleApplication1\ConsoleApplication1\Debug\link.9300.write.1.tlog
C:\Users\Vartotojas\Desktop\2 course\oop\laba 4\ConsoleApplication1\ConsoleApplication1\Debug\link.956-cvtres.read.1.tlog
C:\Users\Vartotojas\Desktop\2 course\oop\laba 4\ConsoleApplication1\ConsoleApplication1\Debug\link.956-cvtres.write.1.tlog
C:\Users\Vartotojas\Desktop\2 course\oop\laba 4\ConsoleApplication1\ConsoleApplication1\Debug\link.956-rc.read.1.tlog
C:\Users\Vartotojas\Desktop\2 course\oop\laba 4\ConsoleApplication1\ConsoleApplication1\Debug\link.956-rc.write.1.tlog
C:\Users\Vartotojas\Desktop\2 course\oop\laba 4\ConsoleApplication1\ConsoleApplication1\Debug\link.956.read.1.tlog
C:\Users\Vartotojas\Desktop\2 course\oop\laba 4\ConsoleApplication1\ConsoleApplication1\Debug\link.956.write.1.tlog
C:\Users\Vartotojas\Desktop\2 course\oop\laba 4\ConsoleApplication1\ConsoleApplication1\Debug\link.command.1.tlog
C:\Users\Vartotojas\Desktop\2 course\oop\laba 4\ConsoleApplication1\ConsoleApplication1\Debug\link.read.1.tlog
C:\Users\Vartotojas\Desktop\2 course\oop\laba 4\ConsoleApplication1\ConsoleApplication1\Debug\link.write.1.tlog
C:\Users\Vartotojas\Desktop\2 course\oop\laba 4\ConsoleApplication1\ConsoleApplication1\Debug\ConsoleApplication1.pch
C:\Users\Vartotojas\Desktop\2 course\oop\laba 4\ConsoleApplication1\ConsoleApplication1\Debug\vc110.idb
C:\Users\Vartotojas\Desktop\2 course\oop\laba 4\ConsoleApplication1\ConsoleApplication1\Debug\vc110.pdb
C:\Users\Vartotojas\Desktop\2 course\oop\laba 4\ConsoleApplication1\Debug\ConsoleApplication1.pdb
C:\Users\Vartotojas\Desktop\2 course\oop\laba 4\ConsoleApplication1\Debug\ConsoleApplication1.exe
C:\Users\Vartotojas\Desktop\2 course\oop\laba 4\ConsoleApplication1\Debug\ConsoleApplication1.ilk
